<?xml version="1.0" encoding="UTF-8"?>
<!-- Generated by org.testng.reporters.JUnitXMLReporter -->
<testsuite ignored="0" hostname="DESKTOP-0UORV4L" failures="0" tests="3" name="Default test" time="2.153" errors="0" timestamp="2025-01-22T00:27:20 IST">
  <testcase classname="files.DynamicJson" name="addBook" time="1.8"/>
  <testcase classname="files.DynamicJson" name="addBook" time="0.129"/>
  <testcase classname="files.DynamicJson" name="addBook" time="0.178"/>
</testsuite> <!-- Default test -->
