<?xml version="1.0" encoding="UTF-8"?>
<testng-results ignored="0" total="3" passed="3" failed="0" skipped="0">
  <reporter-output>
  </reporter-output>
  <suite started-at="2025-01-22T00:27:18 IST" name="Default suite" finished-at="2025-01-22T00:27:20 IST" duration-ms="2153">
    <groups>
    </groups>
    <test started-at="2025-01-22T00:27:18 IST" name="Default test" finished-at="2025-01-22T00:27:20 IST" duration-ms="2153">
      <class name="files.DynamicJson">
        <test-method signature="addBook(java.lang.String,java.lang.String)[pri:0, instance:files.DynamicJson@7bd4937b]" started-at="2025-01-22T00:27:18 IST" name="addBook" data-provider="BooksData" finished-at="2025-01-22T00:27:20 IST" duration-ms="1800" status="PASS">
          <params>
            <param index="0">
              <value>
                <![CDATA[gdgf7jhjfdfkjdhjf]]>
              </value>
            </param>
            <param index="1">
              <value>
                <![CDATA[1174989556587204]]>
              </value>
            </param>
          </params>
          <reporter-output>
          </reporter-output>
        </test-method> <!-- addBook -->
        <test-method signature="addBook(java.lang.String,java.lang.String)[pri:0, instance:files.DynamicJson@7bd4937b]" started-at="2025-01-22T00:27:20 IST" name="addBook" data-provider="BooksData" finished-at="2025-01-22T00:27:20 IST" duration-ms="129" status="PASS">
          <params>
            <param index="0">
              <value>
                <![CDATA[hjblgdjjesfhfac]]>
              </value>
            </param>
            <param index="1">
              <value>
                <![CDATA[237837579582283443]]>
              </value>
            </param>
          </params>
          <reporter-output>
          </reporter-output>
        </test-method> <!-- addBook -->
        <test-method signature="addBook(java.lang.String,java.lang.String)[pri:0, instance:files.DynamicJson@7bd4937b]" started-at="2025-01-22T00:27:20 IST" name="addBook" data-provider="BooksData" finished-at="2025-01-22T00:27:20 IST" duration-ms="178" status="PASS">
          <params>
            <param index="0">
              <value>
                <![CDATA[heakrgvdwjreh5kfka]]>
              </value>
            </param>
            <param index="1">
              <value>
                <![CDATA[19314j65e8937398852jwd]]>
              </value>
            </param>
          </params>
          <reporter-output>
          </reporter-output>
        </test-method> <!-- addBook -->
      </class> <!-- files.DynamicJson -->
    </test> <!-- Default test -->
  </suite> <!-- Default suite -->
</testng-results>
